[0807/105051.507:INFO:CONSOLE(150)] "Event handler of 'x-storagemutated-1' event must be added on the initial evaluation of worker script.", source: https://static.whatsapp.net/rsrc.php/v3/yW/r/UlNuyD4morZ.js?_nc_x=Ij3Wp8lg5Kz (150)
[0807/105054.302:INFO:CONSOLE(0)] "Error with Permissions-Policy header: Feature xr-spatial-tracking's parameters are ignored.", source:  (0)
[0807/105054.302:INFO:CONSOLE(0)] "Error with Permissions-Policy header: Origin trial controlled feature not enabled: 'attribution-reporting'.", source:  (0)
[0807/105054.302:INFO:CONSOLE(0)] "Error with Permissions-Policy header: Unrecognized feature: 'battery'.", source:  (0)
[0807/105054.302:INFO:CONSOLE(0)] "Error with Permissions-Policy header: Unrecognized feature: 'compute-pressure'.", source:  (0)
[0807/105054.302:INFO:CONSOLE(0)] "Error with Permissions-Policy header: Origin trial controlled feature not enabled: 'interest-cohort'.", source:  (0)
[0807/105054.302:INFO:CONSOLE(0)] "Error with Permissions-Policy header: Unrecognized feature: 'private-state-token-issuance'.", source:  (0)
[0807/105054.302:INFO:CONSOLE(0)] "Error with Permissions-Policy header: Origin trial controlled feature not enabled: 'shared-storage'.", source:  (0)
[0807/105054.302:INFO:CONSOLE(0)] "Error with Permissions-Policy header: Unrecognized feature: 'shared-storage-select-url'.", source:  (0)
[0807/105054.302:INFO:CONSOLE(0)] "Error with Permissions-Policy header: Unrecognized feature: 'private-state-token-redemption'.", source:  (0)
[0807/105054.302:INFO:CONSOLE(0)] "Error with Permissions-Policy header: Unrecognized feature: 'usb-unrestricted'.", source:  (0)
[0807/105054.302:INFO:CONSOLE(0)] "Error with Permissions-Policy header: Unrecognized feature: 'unload'.", source:  (0)
[0807/105054.302:INFO:CONSOLE(0)] "Error with Permissions-Policy header: Unrecognized feature: 'window-management'.", source:  (0)
[0807/105055.996:INFO:CONSOLE(150)] "Event handler of 'x-storagemutated-1' event must be added on the initial evaluation of worker script.", source: https://static.whatsapp.net/rsrc.php/v3/yW/r/UlNuyD4morZ.js?_nc_x=Ij3Wp8lg5Kz (150)
[0807/110023.636:INFO:CONSOLE(150)] "Event handler of 'x-storagemutated-1' event must be added on the initial evaluation of worker script.", source: https://static.whatsapp.net/rsrc.php/v3/yW/r/UlNuyD4morZ.js?_nc_x=Ij3Wp8lg5Kz (150)
[0807/111828.498:INFO:CONSOLE(150)] "Event handler of 'x-storagemutated-1' event must be added on the initial evaluation of worker script.", source: https://static.whatsapp.net/rsrc.php/v3/yW/r/UlNuyD4morZ.js?_nc_x=Ij3Wp8lg5Kz (150)
[0807/142806.115:INFO:CONSOLE(150)] "Event handler of 'x-storagemutated-1' event must be added on the initial evaluation of worker script.", source: https://static.whatsapp.net/rsrc.php/v3/yW/r/UlNuyD4morZ.js?_nc_x=Ij3Wp8lg5Kz (150)
[0807/145536.948:INFO:CONSOLE(150)] "Event handler of 'x-storagemutated-1' event must be added on the initial evaluation of worker script.", source: https://static.whatsapp.net/rsrc.php/v3/yW/r/UlNuyD4morZ.js?_nc_x=Ij3Wp8lg5Kz (150)
[0807/151046.377:INFO:CONSOLE(150)] "Event handler of 'x-storagemutated-1' event must be added on the initial evaluation of worker script.", source: https://static.whatsapp.net/rsrc.php/v3/yW/r/UlNuyD4morZ.js?_nc_x=Ij3Wp8lg5Kz (150)
[0807/154931.281:INFO:CONSOLE(150)] "Event handler of 'x-storagemutated-1' event must be added on the initial evaluation of worker script.", source: https://static.whatsapp.net/rsrc.php/v3/yW/r/UlNuyD4morZ.js?_nc_x=Ij3Wp8lg5Kz (150)
[0807/155446.879:INFO:CONSOLE(150)] "Event handler of 'x-storagemutated-1' event must be added on the initial evaluation of worker script.", source: https://static.whatsapp.net/rsrc.php/v3/yW/r/UlNuyD4morZ.js?_nc_x=Ij3Wp8lg5Kz (150)
[0807/160154.335:INFO:CONSOLE(150)] "Event handler of 'x-storagemutated-1' event must be added on the initial evaluation of worker script.", source: https://static.whatsapp.net/rsrc.php/v3/yW/r/UlNuyD4morZ.js?_nc_x=Ij3Wp8lg5Kz (150)
[0807/163352.746:INFO:CONSOLE(150)] "Event handler of 'x-storagemutated-1' event must be added on the initial evaluation of worker script.", source: https://static.whatsapp.net/rsrc.php/v3/yW/r/UlNuyD4morZ.js?_nc_x=Ij3Wp8lg5Kz (150)
[0807/174705.940:INFO:CONSOLE(338)] "Failed to parse video contentType: video/mp4; codecs=avc1.42000a", source: https://static.whatsapp.net/rsrc.php/v3iHCc4/ys/l/rt/pZZnwJmgeZL.js?_nc_x=Ij3Wp8lg5Kz (338)
[0807/174705.940:INFO:CONSOLE(338)] "Failed to parse video contentType: video/mp4; codecs=hev1.1.6.L93.B0", source: https://static.whatsapp.net/rsrc.php/v3iHCc4/ys/l/rt/pZZnwJmgeZL.js?_nc_x=Ij3Wp8lg5Kz (338)
[0807/174711.548:INFO:CONSOLE(150)] "Event handler of 'x-storagemutated-1' event must be added on the initial evaluation of worker script.", source: https://static.whatsapp.net/rsrc.php/v3/yW/r/UlNuyD4morZ.js?_nc_x=Ij3Wp8lg5Kz (150)
[0807/175740.547:INFO:CONSOLE(150)] "Event handler of 'x-storagemutated-1' event must be added on the initial evaluation of worker script.", source: https://static.whatsapp.net/rsrc.php/v3/yW/r/UlNuyD4morZ.js?_nc_x=Ij3Wp8lg5Kz (150)
[0807/190127.426:INFO:CONSOLE(150)] "Event handler of 'x-storagemutated-1' event must be added on the initial evaluation of worker script.", source: https://static.whatsapp.net/rsrc.php/v3/yW/r/UlNuyD4morZ.js?_nc_x=Ij3Wp8lg5Kz (150)
[0807/210913.861:INFO:CONSOLE(150)] "Event handler of 'x-storagemutated-1' event must be added on the initial evaluation of worker script.", source: https://static.whatsapp.net/rsrc.php/v3/yW/r/UlNuyD4morZ.js?_nc_x=Ij3Wp8lg5Kz (150)
[0807/213341.288:INFO:CONSOLE(150)] "Event handler of 'x-storagemutated-1' event must be added on the initial evaluation of worker script.", source: https://static.whatsapp.net/rsrc.php/v3/yW/r/UlNuyD4morZ.js?_nc_x=Ij3Wp8lg5Kz (150)
[0807/221852.249:INFO:CONSOLE(150)] "Event handler of 'x-storagemutated-1' event must be added on the initial evaluation of worker script.", source: https://static.whatsapp.net/rsrc.php/v3/yW/r/UlNuyD4morZ.js?_nc_x=Ij3Wp8lg5Kz (150)
[0807/222254.921:INFO:CONSOLE(150)] "Event handler of 'x-storagemutated-1' event must be added on the initial evaluation of worker script.", source: https://static.whatsapp.net/rsrc.php/v3/yW/r/UlNuyD4morZ.js?_nc_x=Ij3Wp8lg5Kz (150)
[0808/012257.776:INFO:CONSOLE(150)] "Event handler of 'x-storagemutated-1' event must be added on the initial evaluation of worker script.", source: https://static.whatsapp.net/rsrc.php/v3/yW/r/UlNuyD4morZ.js?_nc_x=Ij3Wp8lg5Kz (150)
[0808/020031.904:INFO:CONSOLE(150)] "Event handler of 'x-storagemutated-1' event must be added on the initial evaluation of worker script.", source: https://static.whatsapp.net/rsrc.php/v3/yW/r/UlNuyD4morZ.js?_nc_x=Ij3Wp8lg5Kz (150)
[0808/024111.894:INFO:CONSOLE(150)] "Event handler of 'x-storagemutated-1' event must be added on the initial evaluation of worker script.", source: https://static.whatsapp.net/rsrc.php/v3/yW/r/UlNuyD4morZ.js?_nc_x=Ij3Wp8lg5Kz (150)
[0808/024940.235:INFO:CONSOLE(150)] "Event handler of 'x-storagemutated-1' event must be added on the initial evaluation of worker script.", source: https://static.whatsapp.net/rsrc.php/v3/yW/r/UlNuyD4morZ.js?_nc_x=Ij3Wp8lg5Kz (150)
